<?xml version="1.0" encoding="UTF-8"?>
<testsuite name="TaskTest" tests="5" skipped="0" failures="0" errors="0" timestamp="2015-08-24T23:02:53" hostname="epicodus-108.local" time="0.205">
  <properties/>
  <testcase name="equals_returnsTrueIfDescriptionsAretheSame" classname="TaskTest" time="0.093"/>
  <testcase name="save_returnTrueIfDescriptionsAretehSame" classname="TaskTest" time="0.048"/>
  <testcase name="all_emptyAtFirst" classname="TaskTest" time="0.018"/>
  <testcase name="save_assignsIdToObject" classname="TaskTest" time="0.022"/>
  <testcase name="find_findsTaskInDatabase_true" classname="TaskTest" time="0.021"/>
  <system-out><![CDATA[]]></system-out>
  <system-err><![CDATA[]]></system-err>
</testsuite>
